<?xml version="1.0" encoding="UTF-8"?>
<testng-results ignored="0" total="5" passed="5" failed="0" skipped="0">
  <reporter-output>
  </reporter-output>
  <suite started-at="2022-03-16T15:58:01 IST" name="Default suite" finished-at="2022-03-16T15:58:07 IST" duration-ms="6682">
    <groups>
    </groups>
    <test started-at="2022-03-16T15:58:01 IST" name="Default test" finished-at="2022-03-16T15:58:07 IST" duration-ms="6682">
      <class name="get.VideoGameGet">
        <test-method signature="GET_getVideogmaes()[pri:1, instance:get.VideoGameGet@27ff5d15]" started-at="2022-03-16T15:58:01 IST" name="GET_getVideogmaes" finished-at="2022-03-16T15:58:05 IST" duration-ms="4261" status="PASS">
          <reporter-output>
          </reporter-output>
        </test-method> <!-- GET_getVideogmaes -->
        <test-method signature="POST_createvidoegames()[pri:2, instance:get.VideoGameGet@27ff5d15]" started-at="2022-03-16T15:58:05 IST" name="POST_createvidoegames" finished-at="2022-03-16T15:58:06 IST" duration-ms="1025" status="PASS">
          <reporter-output>
          </reporter-output>
        </test-method> <!-- POST_createvidoegames -->
        <test-method signature="getVideoGamebyID()[pri:3, instance:get.VideoGameGet@27ff5d15]" started-at="2022-03-16T15:58:06 IST" name="getVideoGamebyID" finished-at="2022-03-16T15:58:07 IST" duration-ms="1130" status="PASS">
          <reporter-output>
          </reporter-output>
        </test-method> <!-- getVideoGamebyID -->
        <test-method signature="PUT_changedata()[pri:4, instance:get.VideoGameGet@27ff5d15]" started-at="2022-03-16T15:58:07 IST" name="PUT_changedata" finished-at="2022-03-16T15:58:07 IST" duration-ms="135" status="PASS">
          <reporter-output>
          </reporter-output>
        </test-method> <!-- PUT_changedata -->
        <test-method signature="deletegme()[pri:5, instance:get.VideoGameGet@27ff5d15]" started-at="2022-03-16T15:58:07 IST" name="deletegme" finished-at="2022-03-16T15:58:07 IST" duration-ms="42" status="PASS">
          <reporter-output>
          </reporter-output>
        </test-method> <!-- deletegme -->
      </class> <!-- get.VideoGameGet -->
    </test> <!-- Default test -->
  </suite> <!-- Default suite -->
</testng-results>
