<?xml version="1.0" encoding="UTF-8"?>
<!-- Generated by org.testng.reporters.JUnitXMLReporter -->
<testsuite ignored="0" hostname="DESKTOP-HVBBI7I" failures="0" tests="5" name="Default test" time="6.682" errors="0" timestamp="2022-03-16T15:58:07 IST">
  <testcase classname="get.VideoGameGet" name="GET_getVideogmaes" time="4.261"/>
  <testcase classname="get.VideoGameGet" name="POST_createvidoegames" time="1.025"/>
  <testcase classname="get.VideoGameGet" name="getVideoGamebyID" time="1.13"/>
  <testcase classname="get.VideoGameGet" name="PUT_changedata" time="0.135"/>
  <testcase classname="get.VideoGameGet" name="deletegme" time="0.042"/>
</testsuite> <!-- Default test -->
